time           0   recID           3   pktID          5   srcID           5   dstID          3   preID          5   nexID          3   SDN_ctrl_packet
time           0   recID           1   pktID          2   srcID           5   dstID          1   preID          5   nexID          1   SDN_ctrl_packet
time           0   recID           4   pktID          7   srcID           5   dstID          4   preID          5   nexID          4   SDN_ctrl_packet
time           0   recID           0   pktID          0   srcID           5   dstID          0   preID          5   nexID          0   SDN_ctrl_packet
time           0   recID           2   pktID          4   srcID           5   dstID          2   preID          5   nexID          2   SDN_ctrl_packet
time           0   recID           3   pktID          6   srcID           5   dstID          3   preID          5   nexID          3   SDN_ctrl_packet
time           0   recID           2   pktID          3   srcID           5   dstID          2   preID          5   nexID          2   SDN_ctrl_packet
time           0   recID           0   pktID          1   srcID           5   dstID          0   preID          5   nexID          0   SDN_ctrl_packet
time          10   recID           0   pktID          8   srcID           0   dstID          1   preID          0   nexID          0   SDN_data_packet
time          10   senID           0   pktID          8   srcID           0   dstID          1   preID          0   nexID          1   SDN_data_packet
time          20   recID           1   pktID          8   srcID           0   dstID          1   preID          0   nexID          1   SDN_data_packet
time          20   recID           1   pktID          9   srcID           1   dstID          4   preID          1   nexID          1   SDN_data_packet
time          20   senID           1   pktID          9   srcID           1   dstID          4   preID          1   nexID          3   SDN_data_packet
time          30   recID           3   pktID          9   srcID           1   dstID          4   preID          1   nexID          3   SDN_data_packet
time          30   senID           3   pktID          9   srcID           1   dstID          4   preID          3   nexID          4   SDN_data_packet
time          40   recID           4   pktID          9   srcID           1   dstID          4   preID          3   nexID          4   SDN_data_packet
time         100   recID           2   pktID         12   srcID           5   dstID          2   preID          5   nexID          2   SDN_ctrl_packet
time         100   recID           0   pktID         11   srcID           5   dstID          0   preID          5   nexID          0   SDN_ctrl_packet
time         100   recID           4   pktID         15   srcID           5   dstID          4   preID          5   nexID          4   SDN_ctrl_packet
time         100   recID           2   pktID         13   srcID           5   dstID          2   preID          5   nexID          2   SDN_ctrl_packet
time         100   recID           0   pktID         10   srcID           5   dstID          0   preID          5   nexID          0   SDN_ctrl_packet
time         100   recID           3   pktID         14   srcID           5   dstID          3   preID          5   nexID          3   SDN_ctrl_packet
time         110   recID           0   pktID         16   srcID           0   dstID          1   preID          0   nexID          0   SDN_data_packet
time         110   senID           0   pktID         16   srcID           0   dstID          1   preID          0   nexID          3   SDN_data_packet
time         120   recID           1   pktID         17   srcID           1   dstID          4   preID          1   nexID          1   SDN_data_packet
time         120   recID           3   pktID         16   srcID           0   dstID          1   preID          0   nexID          3   SDN_data_packet
time         120   senID           1   pktID         17   srcID           1   dstID          4   preID          1   nexID          3   SDN_data_packet
time         120   senID           3   pktID         16   srcID           0   dstID          1   preID          3   nexID          1   SDN_data_packet
time         130   recID           1   pktID         16   srcID           0   dstID          1   preID          3   nexID          1   SDN_data_packet
time         130   recID           3   pktID         17   srcID           1   dstID          4   preID          1   nexID          3   SDN_data_packet
time         130   senID           3   pktID         17   srcID           1   dstID          4   preID          3   nexID          2   SDN_data_packet
time         140   recID           2   pktID         17   srcID           1   dstID          4   preID          3   nexID          2   SDN_data_packet
time         140   senID           2   pktID         17   srcID           1   dstID          4   preID          2   nexID          4   SDN_data_packet
time         150   recID           4   pktID         17   srcID           1   dstID          4   preID          2   nexID          4   SDN_data_packet
