time           0                                         srcID          5   dstID          2   matID          4   actID          3   SDN_ctrl_new_packet generating
time           0                                         srcID          5   dstID          0   matID          4   actID          2   SDN_ctrl_new_packet generating
time           0                                         srcID          5   dstID          1   matID          4   actID          0   SDN_ctrl_new_packet generating
time           0   recID          5   pktID          2   srcID          5   dstID          1   preID          5   nexID          5   SDN_ctrl_new_packet
time           0   senID          5   pktID          2   srcID          5   dstID          1   preID          5   nexID          1   SDN_ctrl_new_packet
time           0   recID          5   pktID          1   srcID          5   dstID          0   preID          5   nexID          5   SDN_ctrl_new_packet
time           0   recID          5   pktID          0   srcID          5   dstID          2   preID          5   nexID          5   SDN_ctrl_new_packet
time           0                                         srcID          5   dstID          3   matID          4   actID          4   SDN_ctrl_new_packet generating
time           0   recID          5   pktID          3   srcID          5   dstID          3   preID          5   nexID          5   SDN_ctrl_new_packet
time           0   senID          5   pktID          3   srcID          5   dstID          3   preID          5   nexID          3   SDN_ctrl_new_packet
time           0   senID          5   pktID          1   srcID          5   dstID          0   preID          5   nexID          0   SDN_ctrl_new_packet
time           0   senID          5   pktID          0   srcID          5   dstID          2   preID          5   nexID          2   SDN_ctrl_new_packet
time          10   recID          2   pktID          0   srcID          5   dstID          2   preID          5   nexID          2   SDN_ctrl_new_packet
time          10   senID          2   pktID          0   srcID          2   dstID          5   preID          2   nexID          5   SDN_ctrl_new_packet
time          10   recID          3   pktID          3   srcID          5   dstID          3   preID          5   nexID          3   SDN_ctrl_new_packet
time          10   recID          0   pktID          1   srcID          5   dstID          0   preID          5   nexID          0   SDN_ctrl_new_packet
time          10   senID          0   pktID          1   srcID          0   dstID          5   preID          0   nexID          5   SDN_ctrl_new_packet
time          10   senID          3   pktID          3   srcID          3   dstID          5   preID          3   nexID          5   SDN_ctrl_new_packet
time          10   recID          1   pktID          2   srcID          5   dstID          1   preID          5   nexID          1   SDN_ctrl_new_packet
time          10   senID          1   pktID          2   srcID          1   dstID          5   preID          1   nexID          5   SDN_ctrl_new_packet
time          20   recID          5   pktID          0   srcID          2   dstID          5   preID          2   nexID          5   SDN_ctrl_new_packet
time          20   recID          5   pktID          1   srcID          0   dstID          5   preID          0   nexID          5   SDN_ctrl_new_packet
time          20   recID          5   pktID          2   srcID          1   dstID          5   preID          1   nexID          5   SDN_ctrl_new_packet
time          20   recID          5   pktID          3   srcID          3   dstID          5   preID          3   nexID          5   SDN_ctrl_new_packet
time         100                                         srcID          0   dstID          5                                         SDN_stat_packet generating
time         100                                         srcID          2   dstID          5                                         SDN_stat_packet generating
time         100                                         srcID          1   dstID          5                                         SDN_stat_packet generating
time         100                                         srcID          3   dstID          5                                         SDN_stat_packet generating
time         100   recID          3   pktID          7   srcID          3   dstID          5   preID          3   nexID          3   SDN_stat_packet
time         100   senID          3   pktID          7   srcID          3   dstID          5   preID          3   nexID          5   SDN_stat_packet
time         100   recID          0   pktID          4   srcID          0   dstID          5   preID          0   nexID          0   SDN_stat_packet
time         100                                         srcID          4   dstID          5                                         SDN_stat_packet generating
time         100   recID          4   pktID          8   srcID          4   dstID          5   preID          4   nexID          4   SDN_stat_packet
time         100   senID          0   pktID          4   srcID          0   dstID          5   preID          0   nexID          5   SDN_stat_packet
time         100   recID          2   pktID          5   srcID          2   dstID          5   preID          2   nexID          2   SDN_stat_packet
time         100   senID          2   pktID          5   srcID          2   dstID          5   preID          2   nexID          5   SDN_stat_packet
time         100   senID          4   pktID          8   srcID          4   dstID          5   preID          4   nexID          5   SDN_stat_packet
time         100   recID          1   pktID          6   srcID          1   dstID          5   preID          1   nexID          1   SDN_stat_packet
time         100   senID          1   pktID          6   srcID          1   dstID          5   preID          1   nexID          5   SDN_stat_packet
time         110   recID          5   pktID          8   srcID          4   dstID          5   preID          4   nexID          5   SDN_stat_packet
time         110   recID          5   pktID          4   srcID          0   dstID          5   preID          0   nexID          5   SDN_stat_packet
time         110   recID          5   pktID          6   srcID          1   dstID          5   preID          1   nexID          5   SDN_stat_packet
time         110                                         srcID          5   dstID          1   matID          4   actID          2   SDN_ctrl_new_packet generating
time         110   recID          5   pktID          9   srcID          5   dstID          1   preID          5   nexID          5   SDN_ctrl_new_packet
time         110   senID          5   pktID          9   srcID          5   dstID          1   preID          5   nexID          1   SDN_ctrl_new_packet
time         110   recID          5   pktID          7   srcID          3   dstID          5   preID          3   nexID          5   SDN_stat_packet
time         110   recID          5   pktID          5   srcID          2   dstID          5   preID          2   nexID          5   SDN_stat_packet
time         120                                         srcID          5   dstID          1   matID          4   actID          0   SDN_ctrl_del_packet generating
time         120   recID          5   pktID         10   srcID          5   dstID          1   preID          5   nexID          5   SDN_ctrl_del_packet
time         120   recID          1   pktID          9   srcID          5   dstID          1   preID          5   nexID          1   SDN_ctrl_new_packet
time         120   senID          1   pktID          9   srcID          1   dstID          5   preID          1   nexID          5   SDN_ctrl_new_packet
time         120   senID          5   pktID         10   srcID          5   dstID          1   preID          5   nexID          1   SDN_ctrl_del_packet
time         130   recID          5   pktID          9   srcID          1   dstID          5   preID          1   nexID          5   SDN_ctrl_new_packet
time         130   recID          1   pktID         10   srcID          5   dstID          1   preID          5   nexID          1   SDN_ctrl_del_packet
time         130   senID          1   pktID         10   srcID          1   dstID          5   preID          1   nexID          5   SDN_ctrl_del_packet
time         130                                         srcID          5   dstID          0   matID          4   actID          2   SDN_ctrl_del_packet generating
time         130   recID          5   pktID         11   srcID          5   dstID          0   preID          5   nexID          5   SDN_ctrl_del_packet
time         130   senID          5   pktID         11   srcID          5   dstID          0   preID          5   nexID          0   SDN_ctrl_del_packet
time         140   recID          0   pktID         11   srcID          5   dstID          0   preID          5   nexID          0   SDN_ctrl_del_packet
time         140   senID          0   pktID         11   srcID          0   dstID          5   preID          0   nexID          5   SDN_ctrl_del_packet
time         140   recID          5   pktID         10   srcID          1   dstID          5   preID          1   nexID          5   SDN_ctrl_del_packet
time         150   recID          5   pktID         11   srcID          0   dstID          5   preID          0   nexID          5   SDN_ctrl_del_packet
time         300                                         srcID          1   dstID          4                                         SDN_data_packet generating
time         300   recID          1   pktID         12   srcID          1   dstID          4   preID          1   nexID          1   SDN_data_packet
time         300   senID          1   pktID         12   srcID          1   dstID          4   preID          1   nexID          2   SDN_data_packet
time         310   recID          2   pktID         12   srcID          1   dstID          4   preID          1   nexID          2   SDN_data_packet
time         310   senID          2   pktID         12   srcID          1   dstID          4   preID          2   nexID          3   SDN_data_packet
time         320   recID          3   pktID         12   srcID          1   dstID          4   preID          2   nexID          3   SDN_data_packet
time         320   senID          3   pktID         12   srcID          1   dstID          4   preID          3   nexID          4   SDN_data_packet
time         330   recID          4   pktID         12   srcID          1   dstID          4   preID          3   nexID          4   SDN_data_packet
